[debug] [2021-07-22T00:37:37.339Z] ----------------------------------------------------------------------
[debug] [2021-07-22T00:37:37.359Z] Command:       /usr/local/bin/node /usr/local/bin/firebase emulators:start --only functions
[debug] [2021-07-22T00:37:37.359Z] CLI Version:   9.5.0
[debug] [2021-07-22T00:37:37.359Z] Platform:      darwin
[debug] [2021-07-22T00:37:37.359Z] Node Version:  v14.17.1
[debug] [2021-07-22T00:37:37.387Z] Time:          Thu Jul 22 2021 09:37:37 GMT+0900 (대한민국 표준시)
[debug] [2021-07-22T00:37:37.388Z] ----------------------------------------------------------------------
[debug] [2021-07-22T00:37:37.388Z] 
[debug] [2021-07-22T00:37:37.391Z] >>> [apiv2][query] GET https://firebase-public.firebaseio.com/cli.json [none]
[debug] [2021-07-22T00:37:37.420Z] > command requires scopes: ["email","openid","https://www.googleapis.com/auth/cloudplatformprojects.readonly","https://www.googleapis.com/auth/firebase","https://www.googleapis.com/auth/cloud-platform"]
[debug] [2021-07-22T00:37:37.420Z] > authorizing via signed-in user
[info] i  emulators: Starting emulators: functions {"metadata":{"emulator":{"name":"hub"},"message":"Starting emulators: functions"}}
[debug] [2021-07-22T00:37:37.459Z] [hub] writing locator at /var/folders/48/v607_9t91213mrkkfx85_n2h0000gn/T/hub-interasiastock.json
[warn] ⚠  functions: The following emulators are not running, calls to these services from the Functions emulator will affect production: auth, firestore, database, hosting, pubsub {"metadata":{"emulator":{"name":"functions"},"message":"The following emulators are not running, calls to these services from the Functions emulator will affect production: \u001b[1mauth, firestore, database, hosting, pubsub\u001b[22m"}}
[warn] ⚠  Your requested "node" version "12" doesn't match your global version "14" {"metadata":{"emulator":{"name":"functions"},"message":"Your requested \"node\" version \"12\" doesn't match your global version \"14\""}}
[debug] [2021-07-22T00:37:37.486Z] defaultcredentials: writing to file /Users/kkh/.config/firebase/interasiadev_gmail_com_application_default_credentials.json
[debug] [2021-07-22T00:37:37.489Z] Setting GAC to /Users/kkh/.config/firebase/interasiadev_gmail_com_application_default_credentials.json {"metadata":{"emulator":{"name":"functions"},"message":"Setting GAC to /Users/kkh/.config/firebase/interasiadev_gmail_com_application_default_credentials.json"}}
[debug] [2021-07-22T00:37:37.490Z] > refreshing access token with scopes: []
[debug] [2021-07-22T00:37:37.491Z] >>> HTTP REQUEST POST https://www.googleapis.com/oauth2/v3/token  
 <request body omitted>
[debug] [2021-07-22T00:37:37.798Z] <<< HTTP RESPONSE 200 {"date":"Thu, 22 Jul 2021 00:37:37 GMT","cache-control":"no-cache, no-store, max-age=0, must-revalidate","pragma":"no-cache","expires":"Mon, 01 Jan 1990 00:00:00 GMT","content-type":"application/json; charset=utf-8","vary":"X-Origin, Referer, Origin,Accept-Encoding","server":"scaffolding on HTTPServer2","x-xss-protection":"0","x-frame-options":"SAMEORIGIN","x-content-type-options":"nosniff","alt-svc":"h3=\":443\"; ma=2592000,h3-29=\":443\"; ma=2592000,h3-T051=\":443\"; ma=2592000,h3-Q050=\":443\"; ma=2592000,h3-Q046=\":443\"; ma=2592000,h3-Q043=\":443\"; ma=2592000,quic=\":443\"; ma=2592000; v=\"46,43\"","accept-ranges":"none","transfer-encoding":"chunked"}
[debug] [2021-07-22T00:37:37.815Z] >>> [apiv2][query] GET https://firebase.googleapis.com/v1beta1/projects/interasiastock/adminSdkConfig [none]
[debug] [2021-07-22T00:37:37.995Z] <<< [apiv2][status] GET https://firebase-public.firebaseio.com/cli.json 200
[debug] [2021-07-22T00:37:37.996Z] <<< [apiv2][body] GET https://firebase-public.firebaseio.com/cli.json {"cloudBuildErrorAfter":1594252800000,"cloudBuildWarnAfter":1590019200000,"defaultNode10After":1594252800000,"minVersion":"3.0.5","node8DeploysDisabledAfter":1613390400000,"node8RuntimeDisabledAfter":1615809600000,"node8WarnAfter":1600128000000}
[debug] [2021-07-22T00:37:38.680Z] <<< [apiv2][status] GET https://firebase.googleapis.com/v1beta1/projects/interasiastock/adminSdkConfig 200
[debug] [2021-07-22T00:37:38.681Z] <<< [apiv2][body] GET https://firebase.googleapis.com/v1beta1/projects/interasiastock/adminSdkConfig {"projectId":"interasiastock","storageBucket":"interasiastock.appspot.com","locationId":"asia-northeast3"}
[debug] [2021-07-22T00:37:38.977Z] Ignoring unsupported arg: auto_download {"metadata":{"emulator":{"name":"ui"},"message":"Ignoring unsupported arg: auto_download"}}
[debug] [2021-07-22T00:37:38.978Z] Ignoring unsupported arg: port {"metadata":{"emulator":{"name":"ui"},"message":"Ignoring unsupported arg: port"}}
[debug] [2021-07-22T00:37:38.978Z] Starting Emulator UI with command {"binary":"node","args":["/Users/kkh/.cache/firebase/emulators/ui-v1.4.2/server.bundle.js"],"optionalArgs":[],"joinArgs":false} {"metadata":{"emulator":{"name":"ui"},"message":"Starting Emulator UI with command {\"binary\":\"node\",\"args\":[\"/Users/kkh/.cache/firebase/emulators/ui-v1.4.2/server.bundle.js\"],\"optionalArgs\":[],\"joinArgs\":false}"}}
[info] i  ui: Emulator UI logging to ui-debug.log {"metadata":{"emulator":{"name":"ui"},"message":"Emulator UI logging to \u001b[1mui-debug.log\u001b[22m"}}
[debug] [2021-07-22T00:37:39.171Z] Web / API server started at http://localhost:4000
 {"metadata":{"emulator":{"name":"ui"},"message":"Web / API server started at http://localhost:4000\n"}}
[info] i  functions: Watching "/Users/kkh/Documents/inter/functions" for Cloud Functions... {"metadata":{"emulator":{"name":"functions"},"message":"Watching \"/Users/kkh/Documents/inter/functions\" for Cloud Functions..."}}
[debug] [2021-07-22T00:37:39.293Z] [worker-pool] addWorker(~diagnostic~) {"metadata":{"emulator":{"name":"functions"},"message":"[worker-pool] addWorker(~diagnostic~)"}}
[debug] [2021-07-22T00:37:39.296Z] [worker-pool] Adding worker with key ~diagnostic~, total=1 {"metadata":{"emulator":{"name":"functions"},"message":"[worker-pool] Adding worker with key ~diagnostic~, total=1"}}
[debug] [2021-07-22T00:37:39.296Z] [worker-pool] submitWork(triggerId=) {"metadata":{"emulator":{"name":"functions"},"message":"[worker-pool] submitWork(triggerId=)"}}
[debug] [2021-07-22T00:37:39.296Z] [worker-~diagnostic~-65a3d3b7-1968-4f2b-9b6c-2ae808a52f4a]: Assigning socketPath: /var/folders/48/v607_9t91213mrkkfx85_n2h0000gn/T/fire_emu_2812.sock {"metadata":{"emulator":{"name":"functions"},"message":"[worker-~diagnostic~-65a3d3b7-1968-4f2b-9b6c-2ae808a52f4a]: Assigning socketPath: /var/folders/48/v607_9t91213mrkkfx85_n2h0000gn/T/fire_emu_2812.sock"}}
[debug] [2021-07-22T00:37:39.296Z] [worker-~diagnostic~-65a3d3b7-1968-4f2b-9b6c-2ae808a52f4a]: BUSY {"metadata":{"emulator":{"name":"functions"},"message":"[worker-~diagnostic~-65a3d3b7-1968-4f2b-9b6c-2ae808a52f4a]: BUSY"}}
[debug] [2021-07-22T00:37:39.524Z] [runtime-status] [2812] Functions runtime initialized. {"cwd":"/Users/kkh/Documents/inter/functions","node_version":"14.17.1"} {"metadata":{"emulator":{"name":"functions"},"message":"[runtime-status] [2812] Functions runtime initialized. {\"cwd\":\"/Users/kkh/Documents/inter/functions\",\"node_version\":\"14.17.1\"}"}}
[debug] [2021-07-22T00:37:39.525Z] [runtime-status] [2812] Disabled runtime features: undefined {"metadata":{"emulator":{"name":"functions"},"message":"[runtime-status] [2812] Disabled runtime features: undefined"}}
[debug] [2021-07-22T00:37:39.527Z] [runtime-status] [2812] Resolved module firebase-admin {"declared":true,"installed":true,"version":"9.10.0","resolution":"/Users/kkh/Documents/inter/functions/node_modules/firebase-admin/lib/index.js"} {"metadata":{"emulator":{"name":"functions"},"message":"[runtime-status] [2812] Resolved module firebase-admin {\"declared\":true,\"installed\":true,\"version\":\"9.10.0\",\"resolution\":\"/Users/kkh/Documents/inter/functions/node_modules/firebase-admin/lib/index.js\"}"}}
[debug] [2021-07-22T00:37:39.528Z] [runtime-status] [2812] Resolved module firebase-functions {"declared":true,"installed":true,"version":"3.14.1","resolution":"/Users/kkh/Documents/inter/functions/node_modules/firebase-functions/lib/index.js"} {"metadata":{"emulator":{"name":"functions"},"message":"[runtime-status] [2812] Resolved module firebase-functions {\"declared\":true,\"installed\":true,\"version\":\"3.14.1\",\"resolution\":\"/Users/kkh/Documents/inter/functions/node_modules/firebase-functions/lib/index.js\"}"}}
[debug] [2021-07-22T00:37:39.532Z] [runtime-status] [2812] Resolved module firebase-functions {"declared":true,"installed":true,"version":"3.14.1","resolution":"/Users/kkh/Documents/inter/functions/node_modules/firebase-functions/lib/index.js"} {"metadata":{"emulator":{"name":"functions"},"message":"[runtime-status] [2812] Resolved module firebase-functions {\"declared\":true,\"installed\":true,\"version\":\"3.14.1\",\"resolution\":\"/Users/kkh/Documents/inter/functions/node_modules/firebase-functions/lib/index.js\"}"}}
[debug] [2021-07-22T00:37:39.533Z] [runtime-status] [2812] Outgoing network have been stubbed. [{"name":"http","status":"mocked"},{"name":"http","status":"mocked"},{"name":"https","status":"mocked"},{"name":"https","status":"mocked"},{"name":"net","status":"mocked"}] {"metadata":{"emulator":{"name":"functions"},"message":"[runtime-status] [2812] Outgoing network have been stubbed. [{\"name\":\"http\",\"status\":\"mocked\"},{\"name\":\"http\",\"status\":\"mocked\"},{\"name\":\"https\",\"status\":\"mocked\"},{\"name\":\"https\",\"status\":\"mocked\"},{\"name\":\"net\",\"status\":\"mocked\"}]"}}
[debug] [2021-07-22T00:37:39.534Z] [runtime-status] [2812] Resolved module firebase-functions {"declared":true,"installed":true,"version":"3.14.1","resolution":"/Users/kkh/Documents/inter/functions/node_modules/firebase-functions/lib/index.js"} {"metadata":{"emulator":{"name":"functions"},"message":"[runtime-status] [2812] Resolved module firebase-functions {\"declared\":true,\"installed\":true,\"version\":\"3.14.1\",\"resolution\":\"/Users/kkh/Documents/inter/functions/node_modules/firebase-functions/lib/index.js\"}"}}
[debug] [2021-07-22T00:37:39.598Z] [runtime-status] [2812] Checked functions.config() {"config":{}} {"metadata":{"emulator":{"name":"functions"},"message":"[runtime-status] [2812] Checked functions.config() {\"config\":{}}"}}
[debug] [2021-07-22T00:37:39.599Z] [runtime-status] [2812] firebase-functions has been stubbed. {"functionsResolution":{"declared":true,"installed":true,"version":"3.14.1","resolution":"/Users/kkh/Documents/inter/functions/node_modules/firebase-functions/lib/index.js"}} {"metadata":{"emulator":{"name":"functions"},"message":"[runtime-status] [2812] firebase-functions has been stubbed. {\"functionsResolution\":{\"declared\":true,\"installed\":true,\"version\":\"3.14.1\",\"resolution\":\"/Users/kkh/Documents/inter/functions/node_modules/firebase-functions/lib/index.js\"}}"}}
[debug] [2021-07-22T00:37:39.599Z] [runtime-status] [2812] Resolved module firebase-functions {"declared":true,"installed":true,"version":"3.14.1","resolution":"/Users/kkh/Documents/inter/functions/node_modules/firebase-functions/lib/index.js"} {"metadata":{"emulator":{"name":"functions"},"message":"[runtime-status] [2812] Resolved module firebase-functions {\"declared\":true,\"installed\":true,\"version\":\"3.14.1\",\"resolution\":\"/Users/kkh/Documents/inter/functions/node_modules/firebase-functions/lib/index.js\"}"}}
[debug] [2021-07-22T00:37:39.600Z] [runtime-status] [2812] Resolved module firebase-admin {"declared":true,"installed":true,"version":"9.10.0","resolution":"/Users/kkh/Documents/inter/functions/node_modules/firebase-admin/lib/index.js"} {"metadata":{"emulator":{"name":"functions"},"message":"[runtime-status] [2812] Resolved module firebase-admin {\"declared\":true,\"installed\":true,\"version\":\"9.10.0\",\"resolution\":\"/Users/kkh/Documents/inter/functions/node_modules/firebase-admin/lib/index.js\"}"}}
[debug] [2021-07-22T00:37:39.600Z] [runtime-status] [2812] Resolved module firebase-functions {"declared":true,"installed":true,"version":"3.14.1","resolution":"/Users/kkh/Documents/inter/functions/node_modules/firebase-functions/lib/index.js"} {"metadata":{"emulator":{"name":"functions"},"message":"[runtime-status] [2812] Resolved module firebase-functions {\"declared\":true,\"installed\":true,\"version\":\"3.14.1\",\"resolution\":\"/Users/kkh/Documents/inter/functions/node_modules/firebase-functions/lib/index.js\"}"}}
[debug] [2021-07-22T00:37:39.600Z] [runtime-status] [2812] firebase-admin has been stubbed. {"adminResolution":{"declared":true,"installed":true,"version":"9.10.0","resolution":"/Users/kkh/Documents/inter/functions/node_modules/firebase-admin/lib/index.js"}} {"metadata":{"emulator":{"name":"functions"},"message":"[runtime-status] [2812] firebase-admin has been stubbed. {\"adminResolution\":{\"declared\":true,\"installed\":true,\"version\":\"9.10.0\",\"resolution\":\"/Users/kkh/Documents/inter/functions/node_modules/firebase-admin/lib/index.js\"}}"}}
[debug] [2021-07-22T00:37:39.611Z] [runtime-status] [2812] initializeApp(DEFAULT) {"storageBucket":"interasiastock.appspot.com","projectId":"interasiastock"} {"metadata":{"emulator":{"name":"functions"},"message":"[runtime-status] [2812] initializeApp(DEFAULT) {\"storageBucket\":\"interasiastock.appspot.com\",\"projectId\":\"interasiastock\"}"}}
[debug] [2021-07-22T00:37:40.288Z] addAuthTrigger {"eventTrigger":{"resource":"projects/interasiastock","eventType":"providers/firebase.auth/eventTypes/user.create","service":"firebaseauth.googleapis.com"}}
[info] ✔  functions[userCreate]: auth function initialized. {"metadata":{"emulator":{"name":"functions"},"message":"\u001b[1mauth\u001b[22m function initialized."}}
[info] ✔  functions[app]: http function initialized (http://localhost:5001/interasiastock/us-central1/app). {"metadata":{"emulator":{"name":"functions"},"message":"\u001b[1mhttp\u001b[22m function initialized (http://localhost:5001/interasiastock/us-central1/app)."}}
[info] 
┌─────────────────────────────────────────────────────────────┐
│ ✔  All emulators ready! It is now safe to connect your app. │
│ i  View Emulator UI at http://localhost:4000                │
└─────────────────────────────────────────────────────────────┘

┌───────────┬────────────────┬─────────────────────────────────┐
│ Emulator  │ Host:Port      │ View in Emulator UI             │
├───────────┼────────────────┼─────────────────────────────────┤
│ Functions │ localhost:5001 │ http://localhost:4000/functions │
└───────────┴────────────────┴─────────────────────────────────┘
  Emulator Hub running at localhost:4400
  Other reserved ports: 4500

Issues? Report them at https://github.com/firebase/firebase-tools/issues and attach the *-debug.log files.
 
[debug] [2021-07-22T00:37:40.303Z] [worker-~diagnostic~-65a3d3b7-1968-4f2b-9b6c-2ae808a52f4a]: IDLE {"metadata":{"emulator":{"name":"functions"},"message":"[worker-~diagnostic~-65a3d3b7-1968-4f2b-9b6c-2ae808a52f4a]: IDLE"}}
[debug] [2021-07-22T03:06:07.098Z] File /Users/kkh/Documents/inter/functions/index.js changed, reloading triggers {"metadata":{"emulator":{"name":"functions"},"message":"File /Users/kkh/Documents/inter/functions/index.js changed, reloading triggers"}}
[debug] [2021-07-22T03:06:08.104Z] [worker-pool] Shutting down IDLE worker (~diagnostic~) {"metadata":{"emulator":{"name":"functions"},"message":"[worker-pool] Shutting down IDLE worker (~diagnostic~)"}}
[debug] [2021-07-22T03:06:08.104Z] [worker-~diagnostic~-65a3d3b7-1968-4f2b-9b6c-2ae808a52f4a]: FINISHING {"metadata":{"emulator":{"name":"functions"},"message":"[worker-~diagnostic~-65a3d3b7-1968-4f2b-9b6c-2ae808a52f4a]: FINISHING"}}
[debug] [2021-07-22T03:06:08.121Z] [worker-pool] addWorker(~diagnostic~) {"metadata":{"emulator":{"name":"functions"},"message":"[worker-pool] addWorker(~diagnostic~)"}}
[debug] [2021-07-22T03:06:08.121Z] [worker-pool] Adding worker with key ~diagnostic~, total=2 {"metadata":{"emulator":{"name":"functions"},"message":"[worker-pool] Adding worker with key ~diagnostic~, total=2"}}
[debug] [2021-07-22T03:06:08.121Z] [worker-pool] submitWork(triggerId=) {"metadata":{"emulator":{"name":"functions"},"message":"[worker-pool] submitWork(triggerId=)"}}
[debug] [2021-07-22T03:06:08.121Z] [worker-~diagnostic~-a0c40ce7-21b2-4a61-9b75-6a13cabb9a81]: Assigning socketPath: /var/folders/48/v607_9t91213mrkkfx85_n2h0000gn/T/fire_emu_4161.sock {"metadata":{"emulator":{"name":"functions"},"message":"[worker-~diagnostic~-a0c40ce7-21b2-4a61-9b75-6a13cabb9a81]: Assigning socketPath: /var/folders/48/v607_9t91213mrkkfx85_n2h0000gn/T/fire_emu_4161.sock"}}
[debug] [2021-07-22T03:06:08.121Z] [worker-~diagnostic~-a0c40ce7-21b2-4a61-9b75-6a13cabb9a81]: BUSY {"metadata":{"emulator":{"name":"functions"},"message":"[worker-~diagnostic~-a0c40ce7-21b2-4a61-9b75-6a13cabb9a81]: BUSY"}}
[debug] [2021-07-22T03:06:08.123Z] [worker-~diagnostic~-65a3d3b7-1968-4f2b-9b6c-2ae808a52f4a]: exited {"metadata":{"emulator":{"name":"functions"},"message":"[worker-~diagnostic~-65a3d3b7-1968-4f2b-9b6c-2ae808a52f4a]: exited"}}
[debug] [2021-07-22T03:06:08.123Z] [worker-~diagnostic~-65a3d3b7-1968-4f2b-9b6c-2ae808a52f4a]: FINISHED {"metadata":{"emulator":{"name":"functions"},"message":"[worker-~diagnostic~-65a3d3b7-1968-4f2b-9b6c-2ae808a52f4a]: FINISHED"}}
[debug] [2021-07-22T03:06:08.602Z] [runtime-status] [4161] Functions runtime initialized. {"cwd":"/Users/kkh/Documents/inter/functions","node_version":"14.17.1"} {"metadata":{"emulator":{"name":"functions"},"message":"[runtime-status] [4161] Functions runtime initialized. {\"cwd\":\"/Users/kkh/Documents/inter/functions\",\"node_version\":\"14.17.1\"}"}}
[debug] [2021-07-22T03:06:08.603Z] [runtime-status] [4161] Disabled runtime features: undefined {"metadata":{"emulator":{"name":"functions"},"message":"[runtime-status] [4161] Disabled runtime features: undefined"}}
[debug] [2021-07-22T03:06:08.605Z] [runtime-status] [4161] Resolved module firebase-admin {"declared":true,"installed":true,"version":"9.10.0","resolution":"/Users/kkh/Documents/inter/functions/node_modules/firebase-admin/lib/index.js"} {"metadata":{"emulator":{"name":"functions"},"message":"[runtime-status] [4161] Resolved module firebase-admin {\"declared\":true,\"installed\":true,\"version\":\"9.10.0\",\"resolution\":\"/Users/kkh/Documents/inter/functions/node_modules/firebase-admin/lib/index.js\"}"}}
[debug] [2021-07-22T03:06:08.607Z] [runtime-status] [4161] Resolved module firebase-functions {"declared":true,"installed":true,"version":"3.14.1","resolution":"/Users/kkh/Documents/inter/functions/node_modules/firebase-functions/lib/index.js"} {"metadata":{"emulator":{"name":"functions"},"message":"[runtime-status] [4161] Resolved module firebase-functions {\"declared\":true,\"installed\":true,\"version\":\"3.14.1\",\"resolution\":\"/Users/kkh/Documents/inter/functions/node_modules/firebase-functions/lib/index.js\"}"}}
[debug] [2021-07-22T03:06:08.610Z] [runtime-status] [4161] Resolved module firebase-functions {"declared":true,"installed":true,"version":"3.14.1","resolution":"/Users/kkh/Documents/inter/functions/node_modules/firebase-functions/lib/index.js"} {"metadata":{"emulator":{"name":"functions"},"message":"[runtime-status] [4161] Resolved module firebase-functions {\"declared\":true,\"installed\":true,\"version\":\"3.14.1\",\"resolution\":\"/Users/kkh/Documents/inter/functions/node_modules/firebase-functions/lib/index.js\"}"}}
[debug] [2021-07-22T03:06:08.610Z] [runtime-status] [4161] Outgoing network have been stubbed. [{"name":"http","status":"mocked"},{"name":"http","status":"mocked"},{"name":"https","status":"mocked"},{"name":"https","status":"mocked"},{"name":"net","status":"mocked"}] {"metadata":{"emulator":{"name":"functions"},"message":"[runtime-status] [4161] Outgoing network have been stubbed. [{\"name\":\"http\",\"status\":\"mocked\"},{\"name\":\"http\",\"status\":\"mocked\"},{\"name\":\"https\",\"status\":\"mocked\"},{\"name\":\"https\",\"status\":\"mocked\"},{\"name\":\"net\",\"status\":\"mocked\"}]"}}
[debug] [2021-07-22T03:06:08.611Z] [runtime-status] [4161] Resolved module firebase-functions {"declared":true,"installed":true,"version":"3.14.1","resolution":"/Users/kkh/Documents/inter/functions/node_modules/firebase-functions/lib/index.js"} {"metadata":{"emulator":{"name":"functions"},"message":"[runtime-status] [4161] Resolved module firebase-functions {\"declared\":true,\"installed\":true,\"version\":\"3.14.1\",\"resolution\":\"/Users/kkh/Documents/inter/functions/node_modules/firebase-functions/lib/index.js\"}"}}
[debug] [2021-07-22T03:06:08.692Z] [runtime-status] [4161] Checked functions.config() {"config":{}} {"metadata":{"emulator":{"name":"functions"},"message":"[runtime-status] [4161] Checked functions.config() {\"config\":{}}"}}
[debug] [2021-07-22T03:06:08.693Z] [runtime-status] [4161] firebase-functions has been stubbed. {"functionsResolution":{"declared":true,"installed":true,"version":"3.14.1","resolution":"/Users/kkh/Documents/inter/functions/node_modules/firebase-functions/lib/index.js"}} {"metadata":{"emulator":{"name":"functions"},"message":"[runtime-status] [4161] firebase-functions has been stubbed. {\"functionsResolution\":{\"declared\":true,\"installed\":true,\"version\":\"3.14.1\",\"resolution\":\"/Users/kkh/Documents/inter/functions/node_modules/firebase-functions/lib/index.js\"}}"}}
[debug] [2021-07-22T03:06:08.693Z] [runtime-status] [4161] Resolved module firebase-functions {"declared":true,"installed":true,"version":"3.14.1","resolution":"/Users/kkh/Documents/inter/functions/node_modules/firebase-functions/lib/index.js"} {"metadata":{"emulator":{"name":"functions"},"message":"[runtime-status] [4161] Resolved module firebase-functions {\"declared\":true,\"installed\":true,\"version\":\"3.14.1\",\"resolution\":\"/Users/kkh/Documents/inter/functions/node_modules/firebase-functions/lib/index.js\"}"}}
[debug] [2021-07-22T03:06:08.694Z] [runtime-status] [4161] Resolved module firebase-admin {"declared":true,"installed":true,"version":"9.10.0","resolution":"/Users/kkh/Documents/inter/functions/node_modules/firebase-admin/lib/index.js"} {"metadata":{"emulator":{"name":"functions"},"message":"[runtime-status] [4161] Resolved module firebase-admin {\"declared\":true,\"installed\":true,\"version\":\"9.10.0\",\"resolution\":\"/Users/kkh/Documents/inter/functions/node_modules/firebase-admin/lib/index.js\"}"}}
[debug] [2021-07-22T03:06:08.695Z] [runtime-status] [4161] Resolved module firebase-functions {"declared":true,"installed":true,"version":"3.14.1","resolution":"/Users/kkh/Documents/inter/functions/node_modules/firebase-functions/lib/index.js"} {"metadata":{"emulator":{"name":"functions"},"message":"[runtime-status] [4161] Resolved module firebase-functions {\"declared\":true,\"installed\":true,\"version\":\"3.14.1\",\"resolution\":\"/Users/kkh/Documents/inter/functions/node_modules/firebase-functions/lib/index.js\"}"}}
[debug] [2021-07-22T03:06:08.695Z] [runtime-status] [4161] firebase-admin has been stubbed. {"adminResolution":{"declared":true,"installed":true,"version":"9.10.0","resolution":"/Users/kkh/Documents/inter/functions/node_modules/firebase-admin/lib/index.js"}} {"metadata":{"emulator":{"name":"functions"},"message":"[runtime-status] [4161] firebase-admin has been stubbed. {\"adminResolution\":{\"declared\":true,\"installed\":true,\"version\":\"9.10.0\",\"resolution\":\"/Users/kkh/Documents/inter/functions/node_modules/firebase-admin/lib/index.js\"}}"}}
[debug] [2021-07-22T03:06:08.707Z] [runtime-status] [4161] initializeApp(DEFAULT) {"storageBucket":"interasiastock.appspot.com","projectId":"interasiastock"} {"metadata":{"emulator":{"name":"functions"},"message":"[runtime-status] [4161] initializeApp(DEFAULT) {\"storageBucket\":\"interasiastock.appspot.com\",\"projectId\":\"interasiastock\"}"}}
[debug] [2021-07-22T03:06:09.229Z] [worker-~diagnostic~-a0c40ce7-21b2-4a61-9b75-6a13cabb9a81]: IDLE {"metadata":{"emulator":{"name":"functions"},"message":"[worker-~diagnostic~-a0c40ce7-21b2-4a61-9b75-6a13cabb9a81]: IDLE"}}
[debug] [2021-07-22T03:51:18.133Z] File /Users/kkh/Documents/inter/functions/index.js changed, reloading triggers {"metadata":{"emulator":{"name":"functions"},"message":"File /Users/kkh/Documents/inter/functions/index.js changed, reloading triggers"}}
[debug] [2021-07-22T03:51:19.135Z] [worker-pool] Shutting down IDLE worker (~diagnostic~) {"metadata":{"emulator":{"name":"functions"},"message":"[worker-pool] Shutting down IDLE worker (~diagnostic~)"}}
[debug] [2021-07-22T03:51:19.135Z] [worker-~diagnostic~-a0c40ce7-21b2-4a61-9b75-6a13cabb9a81]: FINISHING {"metadata":{"emulator":{"name":"functions"},"message":"[worker-~diagnostic~-a0c40ce7-21b2-4a61-9b75-6a13cabb9a81]: FINISHING"}}
[debug] [2021-07-22T03:51:19.137Z] [worker-pool] Cleaned up workers for ~diagnostic~: 2 --> 1 {"metadata":{"emulator":{"name":"functions"},"message":"[worker-pool] Cleaned up workers for ~diagnostic~: 2 --> 1"}}
[debug] [2021-07-22T03:51:19.155Z] [worker-pool] addWorker(~diagnostic~) {"metadata":{"emulator":{"name":"functions"},"message":"[worker-pool] addWorker(~diagnostic~)"}}
[debug] [2021-07-22T03:51:19.155Z] [worker-pool] Adding worker with key ~diagnostic~, total=2 {"metadata":{"emulator":{"name":"functions"},"message":"[worker-pool] Adding worker with key ~diagnostic~, total=2"}}
[debug] [2021-07-22T03:51:19.155Z] [worker-pool] submitWork(triggerId=) {"metadata":{"emulator":{"name":"functions"},"message":"[worker-pool] submitWork(triggerId=)"}}
[debug] [2021-07-22T03:51:19.155Z] [worker-~diagnostic~-dddf0714-0111-4ab3-9365-822ebeef661a]: Assigning socketPath: /var/folders/48/v607_9t91213mrkkfx85_n2h0000gn/T/fire_emu_4315.sock {"metadata":{"emulator":{"name":"functions"},"message":"[worker-~diagnostic~-dddf0714-0111-4ab3-9365-822ebeef661a]: Assigning socketPath: /var/folders/48/v607_9t91213mrkkfx85_n2h0000gn/T/fire_emu_4315.sock"}}
[debug] [2021-07-22T03:51:19.156Z] [worker-~diagnostic~-dddf0714-0111-4ab3-9365-822ebeef661a]: BUSY {"metadata":{"emulator":{"name":"functions"},"message":"[worker-~diagnostic~-dddf0714-0111-4ab3-9365-822ebeef661a]: BUSY"}}
[debug] [2021-07-22T03:51:19.157Z] [worker-~diagnostic~-a0c40ce7-21b2-4a61-9b75-6a13cabb9a81]: exited {"metadata":{"emulator":{"name":"functions"},"message":"[worker-~diagnostic~-a0c40ce7-21b2-4a61-9b75-6a13cabb9a81]: exited"}}
[debug] [2021-07-22T03:51:19.157Z] [worker-~diagnostic~-a0c40ce7-21b2-4a61-9b75-6a13cabb9a81]: FINISHED {"metadata":{"emulator":{"name":"functions"},"message":"[worker-~diagnostic~-a0c40ce7-21b2-4a61-9b75-6a13cabb9a81]: FINISHED"}}
[debug] [2021-07-22T03:51:19.681Z] [runtime-status] [4315] Functions runtime initialized. {"cwd":"/Users/kkh/Documents/inter/functions","node_version":"14.17.1"} {"metadata":{"emulator":{"name":"functions"},"message":"[runtime-status] [4315] Functions runtime initialized. {\"cwd\":\"/Users/kkh/Documents/inter/functions\",\"node_version\":\"14.17.1\"}"}}
[debug] [2021-07-22T03:51:19.681Z] [runtime-status] [4315] Disabled runtime features: undefined {"metadata":{"emulator":{"name":"functions"},"message":"[runtime-status] [4315] Disabled runtime features: undefined"}}
[debug] [2021-07-22T03:51:19.690Z] [runtime-status] [4315] Resolved module firebase-admin {"declared":true,"installed":true,"version":"9.10.0","resolution":"/Users/kkh/Documents/inter/functions/node_modules/firebase-admin/lib/index.js"} {"metadata":{"emulator":{"name":"functions"},"message":"[runtime-status] [4315] Resolved module firebase-admin {\"declared\":true,\"installed\":true,\"version\":\"9.10.0\",\"resolution\":\"/Users/kkh/Documents/inter/functions/node_modules/firebase-admin/lib/index.js\"}"}}
[debug] [2021-07-22T03:51:19.692Z] [runtime-status] [4315] Resolved module firebase-functions {"declared":true,"installed":true,"version":"3.14.1","resolution":"/Users/kkh/Documents/inter/functions/node_modules/firebase-functions/lib/index.js"} {"metadata":{"emulator":{"name":"functions"},"message":"[runtime-status] [4315] Resolved module firebase-functions {\"declared\":true,\"installed\":true,\"version\":\"3.14.1\",\"resolution\":\"/Users/kkh/Documents/inter/functions/node_modules/firebase-functions/lib/index.js\"}"}}
[debug] [2021-07-22T03:51:19.699Z] [runtime-status] [4315] Resolved module firebase-functions {"declared":true,"installed":true,"version":"3.14.1","resolution":"/Users/kkh/Documents/inter/functions/node_modules/firebase-functions/lib/index.js"} {"metadata":{"emulator":{"name":"functions"},"message":"[runtime-status] [4315] Resolved module firebase-functions {\"declared\":true,\"installed\":true,\"version\":\"3.14.1\",\"resolution\":\"/Users/kkh/Documents/inter/functions/node_modules/firebase-functions/lib/index.js\"}"}}
[debug] [2021-07-22T03:51:19.699Z] [runtime-status] [4315] Outgoing network have been stubbed. [{"name":"http","status":"mocked"},{"name":"http","status":"mocked"},{"name":"https","status":"mocked"},{"name":"https","status":"mocked"},{"name":"net","status":"mocked"}] {"metadata":{"emulator":{"name":"functions"},"message":"[runtime-status] [4315] Outgoing network have been stubbed. [{\"name\":\"http\",\"status\":\"mocked\"},{\"name\":\"http\",\"status\":\"mocked\"},{\"name\":\"https\",\"status\":\"mocked\"},{\"name\":\"https\",\"status\":\"mocked\"},{\"name\":\"net\",\"status\":\"mocked\"}]"}}
[debug] [2021-07-22T03:51:19.699Z] [runtime-status] [4315] Resolved module firebase-functions {"declared":true,"installed":true,"version":"3.14.1","resolution":"/Users/kkh/Documents/inter/functions/node_modules/firebase-functions/lib/index.js"} {"metadata":{"emulator":{"name":"functions"},"message":"[runtime-status] [4315] Resolved module firebase-functions {\"declared\":true,\"installed\":true,\"version\":\"3.14.1\",\"resolution\":\"/Users/kkh/Documents/inter/functions/node_modules/firebase-functions/lib/index.js\"}"}}
[debug] [2021-07-22T03:51:19.934Z] [runtime-status] [4315] Checked functions.config() {"config":{}} {"metadata":{"emulator":{"name":"functions"},"message":"[runtime-status] [4315] Checked functions.config() {\"config\":{}}"}}
[debug] [2021-07-22T03:51:19.938Z] [runtime-status] [4315] firebase-functions has been stubbed. {"functionsResolution":{"declared":true,"installed":true,"version":"3.14.1","resolution":"/Users/kkh/Documents/inter/functions/node_modules/firebase-functions/lib/index.js"}} {"metadata":{"emulator":{"name":"functions"},"message":"[runtime-status] [4315] firebase-functions has been stubbed. {\"functionsResolution\":{\"declared\":true,\"installed\":true,\"version\":\"3.14.1\",\"resolution\":\"/Users/kkh/Documents/inter/functions/node_modules/firebase-functions/lib/index.js\"}}"}}
[debug] [2021-07-22T03:51:19.941Z] [runtime-status] [4315] Resolved module firebase-functions {"declared":true,"installed":true,"version":"3.14.1","resolution":"/Users/kkh/Documents/inter/functions/node_modules/firebase-functions/lib/index.js"} {"metadata":{"emulator":{"name":"functions"},"message":"[runtime-status] [4315] Resolved module firebase-functions {\"declared\":true,\"installed\":true,\"version\":\"3.14.1\",\"resolution\":\"/Users/kkh/Documents/inter/functions/node_modules/firebase-functions/lib/index.js\"}"}}
[debug] [2021-07-22T03:51:19.998Z] [runtime-status] [4315] Resolved module firebase-admin {"declared":true,"installed":true,"version":"9.10.0","resolution":"/Users/kkh/Documents/inter/functions/node_modules/firebase-admin/lib/index.js"} {"metadata":{"emulator":{"name":"functions"},"message":"[runtime-status] [4315] Resolved module firebase-admin {\"declared\":true,\"installed\":true,\"version\":\"9.10.0\",\"resolution\":\"/Users/kkh/Documents/inter/functions/node_modules/firebase-admin/lib/index.js\"}"}}
[debug] [2021-07-22T03:51:20.000Z] [runtime-status] [4315] Resolved module firebase-functions {"declared":true,"installed":true,"version":"3.14.1","resolution":"/Users/kkh/Documents/inter/functions/node_modules/firebase-functions/lib/index.js"} {"metadata":{"emulator":{"name":"functions"},"message":"[runtime-status] [4315] Resolved module firebase-functions {\"declared\":true,\"installed\":true,\"version\":\"3.14.1\",\"resolution\":\"/Users/kkh/Documents/inter/functions/node_modules/firebase-functions/lib/index.js\"}"}}
[debug] [2021-07-22T03:51:20.002Z] [runtime-status] [4315] firebase-admin has been stubbed. {"adminResolution":{"declared":true,"installed":true,"version":"9.10.0","resolution":"/Users/kkh/Documents/inter/functions/node_modules/firebase-admin/lib/index.js"}} {"metadata":{"emulator":{"name":"functions"},"message":"[runtime-status] [4315] firebase-admin has been stubbed. {\"adminResolution\":{\"declared\":true,\"installed\":true,\"version\":\"9.10.0\",\"resolution\":\"/Users/kkh/Documents/inter/functions/node_modules/firebase-admin/lib/index.js\"}}"}}
[debug] [2021-07-22T03:51:20.017Z] [runtime-status] [4315] initializeApp(DEFAULT) {"storageBucket":"interasiastock.appspot.com","projectId":"interasiastock"} {"metadata":{"emulator":{"name":"functions"},"message":"[runtime-status] [4315] initializeApp(DEFAULT) {\"storageBucket\":\"interasiastock.appspot.com\",\"projectId\":\"interasiastock\"}"}}
[debug] [2021-07-22T03:51:20.691Z] [worker-~diagnostic~-dddf0714-0111-4ab3-9365-822ebeef661a]: IDLE {"metadata":{"emulator":{"name":"functions"},"message":"[worker-~diagnostic~-dddf0714-0111-4ab3-9365-822ebeef661a]: IDLE"}}
[debug] [2021-07-22T03:53:04.741Z] File /Users/kkh/Documents/inter/functions/routers/crRouter.js changed, reloading triggers {"metadata":{"emulator":{"name":"functions"},"message":"File /Users/kkh/Documents/inter/functions/routers/crRouter.js changed, reloading triggers"}}
[debug] [2021-07-22T03:53:05.745Z] [worker-pool] Shutting down IDLE worker (~diagnostic~) {"metadata":{"emulator":{"name":"functions"},"message":"[worker-pool] Shutting down IDLE worker (~diagnostic~)"}}
[debug] [2021-07-22T03:53:05.746Z] [worker-~diagnostic~-dddf0714-0111-4ab3-9365-822ebeef661a]: FINISHING {"metadata":{"emulator":{"name":"functions"},"message":"[worker-~diagnostic~-dddf0714-0111-4ab3-9365-822ebeef661a]: FINISHING"}}
[debug] [2021-07-22T03:53:05.746Z] [worker-pool] Cleaned up workers for ~diagnostic~: 2 --> 1 {"metadata":{"emulator":{"name":"functions"},"message":"[worker-pool] Cleaned up workers for ~diagnostic~: 2 --> 1"}}
[debug] [2021-07-22T03:53:05.755Z] [worker-pool] addWorker(~diagnostic~) {"metadata":{"emulator":{"name":"functions"},"message":"[worker-pool] addWorker(~diagnostic~)"}}
[debug] [2021-07-22T03:53:05.755Z] [worker-pool] Adding worker with key ~diagnostic~, total=2 {"metadata":{"emulator":{"name":"functions"},"message":"[worker-pool] Adding worker with key ~diagnostic~, total=2"}}
[debug] [2021-07-22T03:53:05.755Z] [worker-pool] submitWork(triggerId=) {"metadata":{"emulator":{"name":"functions"},"message":"[worker-pool] submitWork(triggerId=)"}}
[debug] [2021-07-22T03:53:05.756Z] [worker-~diagnostic~-7d4401fb-eda2-4e93-b6e8-cbe81cd6846c]: Assigning socketPath: /var/folders/48/v607_9t91213mrkkfx85_n2h0000gn/T/fire_emu_4344.sock {"metadata":{"emulator":{"name":"functions"},"message":"[worker-~diagnostic~-7d4401fb-eda2-4e93-b6e8-cbe81cd6846c]: Assigning socketPath: /var/folders/48/v607_9t91213mrkkfx85_n2h0000gn/T/fire_emu_4344.sock"}}
[debug] [2021-07-22T03:53:05.756Z] [worker-~diagnostic~-7d4401fb-eda2-4e93-b6e8-cbe81cd6846c]: BUSY {"metadata":{"emulator":{"name":"functions"},"message":"[worker-~diagnostic~-7d4401fb-eda2-4e93-b6e8-cbe81cd6846c]: BUSY"}}
[debug] [2021-07-22T03:53:05.757Z] [worker-~diagnostic~-dddf0714-0111-4ab3-9365-822ebeef661a]: exited {"metadata":{"emulator":{"name":"functions"},"message":"[worker-~diagnostic~-dddf0714-0111-4ab3-9365-822ebeef661a]: exited"}}
[debug] [2021-07-22T03:53:05.757Z] [worker-~diagnostic~-dddf0714-0111-4ab3-9365-822ebeef661a]: FINISHED {"metadata":{"emulator":{"name":"functions"},"message":"[worker-~diagnostic~-dddf0714-0111-4ab3-9365-822ebeef661a]: FINISHED"}}
[debug] [2021-07-22T03:53:05.989Z] [runtime-status] [4344] Functions runtime initialized. {"cwd":"/Users/kkh/Documents/inter/functions","node_version":"14.17.1"} {"metadata":{"emulator":{"name":"functions"},"message":"[runtime-status] [4344] Functions runtime initialized. {\"cwd\":\"/Users/kkh/Documents/inter/functions\",\"node_version\":\"14.17.1\"}"}}
[debug] [2021-07-22T03:53:05.990Z] [runtime-status] [4344] Disabled runtime features: undefined {"metadata":{"emulator":{"name":"functions"},"message":"[runtime-status] [4344] Disabled runtime features: undefined"}}
[debug] [2021-07-22T03:53:05.992Z] [runtime-status] [4344] Resolved module firebase-admin {"declared":true,"installed":true,"version":"9.10.0","resolution":"/Users/kkh/Documents/inter/functions/node_modules/firebase-admin/lib/index.js"} {"metadata":{"emulator":{"name":"functions"},"message":"[runtime-status] [4344] Resolved module firebase-admin {\"declared\":true,\"installed\":true,\"version\":\"9.10.0\",\"resolution\":\"/Users/kkh/Documents/inter/functions/node_modules/firebase-admin/lib/index.js\"}"}}
[debug] [2021-07-22T03:53:05.993Z] [runtime-status] [4344] Resolved module firebase-functions {"declared":true,"installed":true,"version":"3.14.1","resolution":"/Users/kkh/Documents/inter/functions/node_modules/firebase-functions/lib/index.js"} {"metadata":{"emulator":{"name":"functions"},"message":"[runtime-status] [4344] Resolved module firebase-functions {\"declared\":true,\"installed\":true,\"version\":\"3.14.1\",\"resolution\":\"/Users/kkh/Documents/inter/functions/node_modules/firebase-functions/lib/index.js\"}"}}
[debug] [2021-07-22T03:53:05.997Z] [runtime-status] [4344] Resolved module firebase-functions {"declared":true,"installed":true,"version":"3.14.1","resolution":"/Users/kkh/Documents/inter/functions/node_modules/firebase-functions/lib/index.js"} {"metadata":{"emulator":{"name":"functions"},"message":"[runtime-status] [4344] Resolved module firebase-functions {\"declared\":true,\"installed\":true,\"version\":\"3.14.1\",\"resolution\":\"/Users/kkh/Documents/inter/functions/node_modules/firebase-functions/lib/index.js\"}"}}
[debug] [2021-07-22T03:53:05.998Z] [runtime-status] [4344] Outgoing network have been stubbed. [{"name":"http","status":"mocked"},{"name":"http","status":"mocked"},{"name":"https","status":"mocked"},{"name":"https","status":"mocked"},{"name":"net","status":"mocked"}] {"metadata":{"emulator":{"name":"functions"},"message":"[runtime-status] [4344] Outgoing network have been stubbed. [{\"name\":\"http\",\"status\":\"mocked\"},{\"name\":\"http\",\"status\":\"mocked\"},{\"name\":\"https\",\"status\":\"mocked\"},{\"name\":\"https\",\"status\":\"mocked\"},{\"name\":\"net\",\"status\":\"mocked\"}]"}}
[debug] [2021-07-22T03:53:05.998Z] [runtime-status] [4344] Resolved module firebase-functions {"declared":true,"installed":true,"version":"3.14.1","resolution":"/Users/kkh/Documents/inter/functions/node_modules/firebase-functions/lib/index.js"} {"metadata":{"emulator":{"name":"functions"},"message":"[runtime-status] [4344] Resolved module firebase-functions {\"declared\":true,\"installed\":true,\"version\":\"3.14.1\",\"resolution\":\"/Users/kkh/Documents/inter/functions/node_modules/firebase-functions/lib/index.js\"}"}}
[debug] [2021-07-22T03:53:06.066Z] [runtime-status] [4344] Checked functions.config() {"config":{}} {"metadata":{"emulator":{"name":"functions"},"message":"[runtime-status] [4344] Checked functions.config() {\"config\":{}}"}}
[debug] [2021-07-22T03:53:06.067Z] [runtime-status] [4344] firebase-functions has been stubbed. {"functionsResolution":{"declared":true,"installed":true,"version":"3.14.1","resolution":"/Users/kkh/Documents/inter/functions/node_modules/firebase-functions/lib/index.js"}} {"metadata":{"emulator":{"name":"functions"},"message":"[runtime-status] [4344] firebase-functions has been stubbed. {\"functionsResolution\":{\"declared\":true,\"installed\":true,\"version\":\"3.14.1\",\"resolution\":\"/Users/kkh/Documents/inter/functions/node_modules/firebase-functions/lib/index.js\"}}"}}
[debug] [2021-07-22T03:53:06.067Z] [runtime-status] [4344] Resolved module firebase-functions {"declared":true,"installed":true,"version":"3.14.1","resolution":"/Users/kkh/Documents/inter/functions/node_modules/firebase-functions/lib/index.js"} {"metadata":{"emulator":{"name":"functions"},"message":"[runtime-status] [4344] Resolved module firebase-functions {\"declared\":true,\"installed\":true,\"version\":\"3.14.1\",\"resolution\":\"/Users/kkh/Documents/inter/functions/node_modules/firebase-functions/lib/index.js\"}"}}
[debug] [2021-07-22T03:53:06.068Z] [runtime-status] [4344] Resolved module firebase-admin {"declared":true,"installed":true,"version":"9.10.0","resolution":"/Users/kkh/Documents/inter/functions/node_modules/firebase-admin/lib/index.js"} {"metadata":{"emulator":{"name":"functions"},"message":"[runtime-status] [4344] Resolved module firebase-admin {\"declared\":true,\"installed\":true,\"version\":\"9.10.0\",\"resolution\":\"/Users/kkh/Documents/inter/functions/node_modules/firebase-admin/lib/index.js\"}"}}
[debug] [2021-07-22T03:53:06.068Z] [runtime-status] [4344] Resolved module firebase-functions {"declared":true,"installed":true,"version":"3.14.1","resolution":"/Users/kkh/Documents/inter/functions/node_modules/firebase-functions/lib/index.js"} {"metadata":{"emulator":{"name":"functions"},"message":"[runtime-status] [4344] Resolved module firebase-functions {\"declared\":true,\"installed\":true,\"version\":\"3.14.1\",\"resolution\":\"/Users/kkh/Documents/inter/functions/node_modules/firebase-functions/lib/index.js\"}"}}
[debug] [2021-07-22T03:53:06.069Z] [runtime-status] [4344] firebase-admin has been stubbed. {"adminResolution":{"declared":true,"installed":true,"version":"9.10.0","resolution":"/Users/kkh/Documents/inter/functions/node_modules/firebase-admin/lib/index.js"}} {"metadata":{"emulator":{"name":"functions"},"message":"[runtime-status] [4344] firebase-admin has been stubbed. {\"adminResolution\":{\"declared\":true,\"installed\":true,\"version\":\"9.10.0\",\"resolution\":\"/Users/kkh/Documents/inter/functions/node_modules/firebase-admin/lib/index.js\"}}"}}
[debug] [2021-07-22T03:53:06.072Z] [runtime-status] [4344] initializeApp(DEFAULT) {"storageBucket":"interasiastock.appspot.com","projectId":"interasiastock"} {"metadata":{"emulator":{"name":"functions"},"message":"[runtime-status] [4344] initializeApp(DEFAULT) {\"storageBucket\":\"interasiastock.appspot.com\",\"projectId\":\"interasiastock\"}"}}
[debug] [2021-07-22T03:53:06.433Z] [worker-~diagnostic~-7d4401fb-eda2-4e93-b6e8-cbe81cd6846c]: IDLE {"metadata":{"emulator":{"name":"functions"},"message":"[worker-~diagnostic~-7d4401fb-eda2-4e93-b6e8-cbe81cd6846c]: IDLE"}}
